-------------------------------------------------------------------------------
Test set: dev.find_duplicate_subtrees.SolutionTest
-------------------------------------------------------------------------------
Tests run: 3, Failures: 3, Errors: 0, Skipped: 0, Time elapsed: 0.013 s <<< FAILURE! -- in dev.find_duplicate_subtrees.SolutionTest
dev.find_duplicate_subtrees.SolutionTest.CaseOne -- Time elapsed: 0.007 s <<< FAILURE!
org.opentest4j.AssertionFailedError: iterable contents differ at index [0], expected: <dev.find_duplicate_subtrees.TreeNode@6dc17b83> but was: <dev.find_duplicate_subtrees.TreeNode@5e0826e7>
	at org.junit.jupiter.api.AssertionFailureBuilder.build(AssertionFailureBuilder.java:151)
	at org.junit.jupiter.api.AssertionFailureBuilder.buildAndThrow(AssertionFailureBuilder.java:132)
	at org.junit.jupiter.api.AssertIterableEquals.failIterablesNotEqual(AssertIterableEquals.java:179)
	at org.junit.jupiter.api.AssertIterableEquals.assertIterableElementsEqual(AssertIterableEquals.java:123)
	at org.junit.jupiter.api.AssertIterableEquals.assertIterableEquals(AssertIterableEquals.java:72)
	at org.junit.jupiter.api.AssertIterableEquals.assertIterableEquals(AssertIterableEquals.java:51)
	at org.junit.jupiter.api.AssertIterableEquals.assertIterableEquals(AssertIterableEquals.java:42)
	at org.junit.jupiter.api.AssertIterableEquals.assertIterableEquals(AssertIterableEquals.java:38)
	at org.junit.jupiter.api.Assertions.assertIterableEquals(Assertions.java:1508)
	at dev.find_duplicate_subtrees.SolutionTest.CaseOne(SolutionTest.java:23)
	at java.base/java.lang.reflect.Method.invoke(Method.java:565)
	at java.base/java.util.ArrayList.forEach(ArrayList.java:1604)
	at java.base/java.util.ArrayList.forEach(ArrayList.java:1604)

dev.find_duplicate_subtrees.SolutionTest.CaseTwo -- Time elapsed: 0.002 s <<< FAILURE!
org.opentest4j.AssertionFailedError: iterable contents differ at index [0], expected: <dev.find_duplicate_subtrees.TreeNode@52bf72b5> but was: <dev.find_duplicate_subtrees.TreeNode@37afeb11>
	at org.junit.jupiter.api.AssertionFailureBuilder.build(AssertionFailureBuilder.java:151)
	at org.junit.jupiter.api.AssertionFailureBuilder.buildAndThrow(AssertionFailureBuilder.java:132)
	at org.junit.jupiter.api.AssertIterableEquals.failIterablesNotEqual(AssertIterableEquals.java:179)
	at org.junit.jupiter.api.AssertIterableEquals.assertIterableElementsEqual(AssertIterableEquals.java:123)
	at org.junit.jupiter.api.AssertIterableEquals.assertIterableEquals(AssertIterableEquals.java:72)
	at org.junit.jupiter.api.AssertIterableEquals.assertIterableEquals(AssertIterableEquals.java:51)
	at org.junit.jupiter.api.AssertIterableEquals.assertIterableEquals(AssertIterableEquals.java:42)
	at org.junit.jupiter.api.AssertIterableEquals.assertIterableEquals(AssertIterableEquals.java:38)
	at org.junit.jupiter.api.Assertions.assertIterableEquals(Assertions.java:1508)
	at dev.find_duplicate_subtrees.SolutionTest.CaseTwo(SolutionTest.java:32)
	at java.base/java.lang.reflect.Method.invoke(Method.java:565)
	at java.base/java.util.ArrayList.forEach(ArrayList.java:1604)
	at java.base/java.util.ArrayList.forEach(ArrayList.java:1604)

dev.find_duplicate_subtrees.SolutionTest.CaseThree -- Time elapsed: 0 s <<< FAILURE!
org.opentest4j.AssertionFailedError: iterable contents differ at index [0], expected: <dev.find_duplicate_subtrees.TreeNode@dd8ba08> but was: <dev.find_duplicate_subtrees.TreeNode@245b4bdc>
	at org.junit.jupiter.api.AssertionFailureBuilder.build(AssertionFailureBuilder.java:151)
	at org.junit.jupiter.api.AssertionFailureBuilder.buildAndThrow(AssertionFailureBuilder.java:132)
	at org.junit.jupiter.api.AssertIterableEquals.failIterablesNotEqual(AssertIterableEquals.java:179)
	at org.junit.jupiter.api.AssertIterableEquals.assertIterableElementsEqual(AssertIterableEquals.java:123)
	at org.junit.jupiter.api.AssertIterableEquals.assertIterableEquals(AssertIterableEquals.java:72)
	at org.junit.jupiter.api.AssertIterableEquals.assertIterableEquals(AssertIterableEquals.java:51)
	at org.junit.jupiter.api.AssertIterableEquals.assertIterableEquals(AssertIterableEquals.java:42)
	at org.junit.jupiter.api.AssertIterableEquals.assertIterableEquals(AssertIterableEquals.java:38)
	at org.junit.jupiter.api.Assertions.assertIterableEquals(Assertions.java:1508)
	at dev.find_duplicate_subtrees.SolutionTest.CaseThree(SolutionTest.java:43)
	at java.base/java.lang.reflect.Method.invoke(Method.java:565)
	at java.base/java.util.ArrayList.forEach(ArrayList.java:1604)
	at java.base/java.util.ArrayList.forEach(ArrayList.java:1604)

