<?xml version="1.0" encoding="UTF-8"?>
<testsuite xmlns:xsi="http://www.w3.org/2001/XMLSchema-instance" xsi:noNamespaceSchemaLocation="https://maven.apache.org/surefire/maven-surefire-plugin/xsd/surefire-test-report.xsd" version="3.0.1" name="dev.minimum_index_sum_of_two_lists.SolutionTest" time="0.009" tests="4" errors="0" skipped="0" failures="0">
  <properties>
[...]
</properties>
  <testcase name="CaseOne" classname="dev.minimum_index_sum_of_two_lists.SolutionTest" time="0.002"/>
  <testcase name="CaseTwo" classname="dev.minimum_index_sum_of_two_lists.SolutionTest" time="0.001"/>
  <testcase name="CaseThree" classname="dev.minimum_index_sum_of_two_lists.SolutionTest" time="0.001"/>
  <testcase name="Failed" classname="dev.minimum_index_sum_of_two_lists.SolutionTest" time="0.001"/>
</testsuite>